# JRE version: Java(TM) SE Runtime Environment (11.0.5+10) (build 11.0.5+10-LTS)
# Java VM: Java HotSpot(TM) 64-Bit Server VM (11.0.5+10-LTS, mixed mode, tiered, compressed oops, g1 gc, windows-amd64)
Heap:
 garbage-first heap   total 189440K, used 26371K [0x0000000081800000, 0x0000000100000000)
  region size 1024K, 6 young (6144K), 6 survivors (6144K)
 Metaspace       used 58877K, capacity 60324K, committed 60420K, reserved 1101824K
  class space    used 7715K, capacity 8280K, committed 8320K, reserved 1048576K
GC Heap History (10 events):
Event: 3.549 GC heap after
{Heap after GC invocations=7 (full 0):
 garbage-first heap   total 131072K, used 12915K [0x0000000081800000, 0x0000000100000000)
  region size 1024K, 7 young (7168K), 7 survivors (7168K)
 Metaspace       used 28482K, capacity 29297K, committed 29488K, reserved 1075200K
  class space    used 3573K, capacity 3894K, committed 3968K, reserved 1048576K
}
Event: 4.768 GC heap before
{Heap before GC invocations=7 (full 0):
 garbage-first heap   total 131072K, used 82547K [0x0000000081800000, 0x0000000100000000)
  region size 1024K, 76 young (77824K), 7 survivors (7168K)
 Metaspace       used 33577K, capacity 34534K, committed 34736K, reserved 1079296K
  class space    used 4155K, capacity 4535K, committed 4608K, reserved 1048576K
}
Event: 4.784 GC heap after
{Heap after GC invocations=8 (full 0):
 garbage-first heap   total 157696K, used 15172K [0x0000000081800000, 0x0000000100000000)
  region size 1024K, 7 young (7168K), 7 survivors (7168K)
 Metaspace       used 33577K, capacity 34534K, committed 34736K, reserved 1079296K
  class space    used 4155K, capacity 4535K, committed 4608K, reserved 1048576K
}
Event: 4.985 GC heap before
{Heap before GC invocations=8 (full 0):
 garbage-first heap   total 157696K, used 26436K [0x0000000081800000, 0x0000000100000000)
  region size 1024K, 19 young (19456K), 7 survivors (7168K)
 Metaspace       used 34823K, capacity 35811K, committed 35888K, reserved 1081344K
  class space    used 4312K, capacity 4706K, committed 4736K, reserved 1048576K
}
Event: 4.996 GC heap after
{Heap after GC invocations=9 (full 0):
 garbage-first heap   total 157696K, used 15943K [0x0000000081800000, 0x0000000100000000)
  region size 1024K, 7 young (7168K), 7 survivors (7168K)
 Metaspace       used 34823K, capacity 35811K, committed 35888K, reserved 1081344K
  class space    used 4312K, capacity 4706K, committed 4736K, reserved 1048576K
}
Event: 6.823 GC heap before
{Heap before GC invocations=10 (full 0):
 garbage-first heap   total 157696K, used 89671K [0x0000000081800000, 0x0000000100000000)
  region size 1024K, 79 young (80896K), 7 survivors (7168K)
 Metaspace       used 47651K, capacity 48803K, committed 49052K, reserved 1091584K
  class space    used 6143K, capacity 6582K, committed 6656K, reserved 1048576K
}
Event: 6.837 GC heap after
{Heap after GC invocations=11 (full 0):
 garbage-first heap   total 157696K, used 20495K [0x0000000081800000, 0x0000000100000000)
  region size 1024K, 8 young (8192K), 8 survivors (8192K)
 Metaspace       used 47651K, capacity 48803K, committed 49052K, reserved 1091584K
  class space    used 6143K, capacity 6582K, committed 6656K, reserved 1048576K
}
Event: 8.661 GC heap before
{Heap before GC invocations=11 (full 0):
 garbage-first heap   total 157696K, used 97295K [0x0000000081800000, 0x0000000100000000)
  region size 1024K, 83 young (84992K), 8 survivors (8192K)
 Metaspace       used 55992K, capacity 57354K, committed 57500K, reserved 1099776K
  class space    used 7322K, capacity 7843K, committed 7936K, reserved 1048576K
}
Event: 8.673 GC heap after
{Heap after GC invocations=12 (full 0):
 garbage-first heap   total 157696K, used 23779K [0x0000000081800000, 0x0000000100000000)
  region size 1024K, 9 young (9216K), 9 survivors (9216K)
 Metaspace       used 55992K, capacity 57354K, committed 57500K, reserved 1099776K
  class space    used 7322K, capacity 7843K, committed 7936K, reserved 1048576K
}
Event: 9.145 GC heap before
{Heap before GC invocations=12 (full 0):
 garbage-first heap   total 157696K, used 54499K [0x0000000081800000, 0x0000000100000000)
  region size 1024K, 40 young (40960K), 9 survivors (9216K)
 Metaspace       used 58877K, capacity 60324K, committed 60420K, reserved 1101824K
  class space    used 7715K, capacity 8280K, committed 8320K, reserved 1048576K
}

