# JRE version: Java(TM) SE Runtime Environment (11.0.5+10) (build 11.0.5+10-LTS)
# Java VM: Java HotSpot(TM) 64-Bit Server VM (11.0.5+10-LTS, mixed mode, tiered, compressed oops, g1 gc, windows-amd64)
Heap:
 garbage-first heap   total 157696K, used 51038K [0x0000000081800000, 0x0000000100000000)
  region size 1024K, 12 young (12288K), 2 survivors (2048K)
 Metaspace       used 36259K, capacity 37101K, committed 37148K, reserved 1083392K
  class space    used 3845K, capacity 4173K, committed 4204K, reserved 1048576K
GC Heap History (10 events):
Event: 7.541 GC heap before
{Heap before GC invocations=6 (full 0):
 garbage-first heap   total 131072K, used 78175K [0x0000000081800000, 0x0000000100000000)
  region size 1024K, 71 young (72704K), 7 survivors (7168K)
 Metaspace       used 23346K, capacity 23745K, committed 24112K, reserved 1071104K
  class space    used 2408K, capacity 2570K, committed 2688K, reserved 1048576K
}
Event: 7.563 GC heap after
{Heap after GC invocations=7 (full 0):
 garbage-first heap   total 131072K, used 17727K [0x0000000081800000, 0x0000000100000000)
  region size 1024K, 9 young (9216K), 9 survivors (9216K)
 Metaspace       used 23346K, capacity 23745K, committed 24112K, reserved 1071104K
  class space    used 2408K, capacity 2570K, committed 2688K, reserved 1048576K
}
Event: 8.853 GC heap before
{Heap before GC invocations=7 (full 0):
 garbage-first heap   total 131072K, used 85311K [0x0000000081800000, 0x0000000100000000)
  region size 1024K, 74 young (75776K), 9 survivors (9216K)
 Metaspace       used 30692K, capacity 31300K, committed 31408K, reserved 1077248K
  class space    used 3273K, capacity 3500K, committed 3584K, reserved 1048576K
}
Event: 8.872 GC heap after
{Heap after GC invocations=8 (full 0):
 garbage-first heap   total 131072K, used 24240K [0x0000000081800000, 0x0000000100000000)
  region size 1024K, 10 young (10240K), 10 survivors (10240K)
 Metaspace       used 30692K, capacity 31300K, committed 31408K, reserved 1077248K
  class space    used 3273K, capacity 3500K, committed 3584K, reserved 1048576K
}
Event: 10.109 GC heap before
{Heap before GC invocations=8 (full 0):
 garbage-first heap   total 131072K, used 89776K [0x0000000081800000, 0x0000000100000000)
  region size 1024K, 74 young (75776K), 10 survivors (10240K)
 Metaspace       used 31900K, capacity 32522K, committed 32816K, reserved 1079296K
  class space    used 3368K, capacity 3588K, committed 3712K, reserved 1048576K
}
Event: 10.131 GC heap after
{Heap after GC invocations=9 (full 0):
 garbage-first heap   total 157696K, used 34812K [0x0000000081800000, 0x0000000100000000)
  region size 1024K, 10 young (10240K), 10 survivors (10240K)
 Metaspace       used 31900K, capacity 32522K, committed 32816K, reserved 1079296K
  class space    used 3368K, capacity 3588K, committed 3712K, reserved 1048576K
}
Event: 15.044 GC heap before
{Heap before GC invocations=9 (full 0):
 garbage-first heap   total 157696K, used 103420K [0x0000000081800000, 0x0000000100000000)
  region size 1024K, 77 young (78848K), 10 survivors (10240K)
 Metaspace       used 34574K, capacity 35332K, committed 35632K, reserved 1081344K
  class space    used 3603K, capacity 3879K, committed 3968K, reserved 1048576K
}
Event: 15.066 GC heap after
{Heap after GC invocations=10 (full 0):
 garbage-first heap   total 157696K, used 40902K [0x0000000081800000, 0x0000000100000000)
  region size 1024K, 7 young (7168K), 7 survivors (7168K)
 Metaspace       used 34574K, capacity 35332K, committed 35632K, reserved 1081344K
  class space    used 3603K, capacity 3879K, committed 3968K, reserved 1048576K
}
Event: 15.666 GC heap before
{Heap before GC invocations=10 (full 0):
 garbage-first heap   total 157696K, used 53190K [0x0000000081800000, 0x0000000100000000)
  region size 1024K, 21 young (21504K), 7 survivors (7168K)
 Metaspace       used 35069K, capacity 35810K, committed 35888K, reserved 1081344K
  class space    used 3670K, capacity 3953K, committed 3968K, reserved 1048576K
}
Event: 15.679 GC heap after
{Heap after GC invocations=11 (full 0):
 garbage-first heap   total 157696K, used 42334K [0x0000000081800000, 0x0000000100000000)
  region size 1024K, 2 young (2048K), 2 survivors (2048K)
 Metaspace       used 35069K, capacity 35810K, committed 35888K, reserved 1081344K
  class space    used 3670K, capacity 3953K, committed 3968K, reserved 1048576K
}

