# JRE version: Java(TM) SE Runtime Environment (11.0.5+10) (build 11.0.5+10-LTS)
# Java VM: Java HotSpot(TM) 64-Bit Server VM (11.0.5+10-LTS, mixed mode, tiered, compressed oops, g1 gc, windows-amd64)
Heap:
 garbage-first heap   total 157696K, used 55146K [0x0000000081800000, 0x0000000100000000)
  region size 1024K, 31 young (31744K), 10 survivors (10240K)
 Metaspace       used 32533K, capacity 33141K, committed 33328K, reserved 1079296K
  class space    used 3409K, capacity 3643K, committed 3712K, reserved 1048576K
GC Heap History (10 events):
Event: 3.717 GC heap before
{Heap before GC invocations=3 (full 0):
 garbage-first heap   total 131072K, used 35434K [0x0000000081800000, 0x0000000100000000)
  region size 1024K, 32 young (32768K), 1 survivors (1024K)
 Metaspace       used 20901K, capacity 21175K, committed 21296K, reserved 1069056K
  class space    used 2243K, capacity 2358K, committed 2432K, reserved 1048576K
}
Event: 3.737 GC heap after
{Heap after GC invocations=4 (full 0):
 garbage-first heap   total 131072K, used 7153K [0x0000000081800000, 0x0000000100000000)
  region size 1024K, 4 young (4096K), 4 survivors (4096K)
 Metaspace       used 20901K, capacity 21175K, committed 21296K, reserved 1069056K
  class space    used 2243K, capacity 2358K, committed 2432K, reserved 1048576K
}
Event: 6.272 GC heap before
{Heap before GC invocations=5 (full 0):
 garbage-first heap   total 131072K, used 54257K [0x0000000081800000, 0x0000000100000000)
  region size 1024K, 50 young (51200K), 4 survivors (4096K)
 Metaspace       used 21842K, capacity 22224K, committed 22320K, reserved 1069056K
  class space    used 2290K, capacity 2428K, committed 2432K, reserved 1048576K
}
Event: 6.290 GC heap after
{Heap after GC invocations=6 (full 0):
 garbage-first heap   total 131072K, used 13009K [0x0000000081800000, 0x0000000100000000)
  region size 1024K, 7 young (7168K), 7 survivors (7168K)
 Metaspace       used 21842K, capacity 22224K, committed 22320K, reserved 1069056K
  class space    used 2290K, capacity 2428K, committed 2432K, reserved 1048576K
}
Event: 8.830 GC heap before
{Heap before GC invocations=6 (full 0):
 garbage-first heap   total 131072K, used 74449K [0x0000000081800000, 0x0000000100000000)
  region size 1024K, 67 young (68608K), 7 survivors (7168K)
 Metaspace       used 23280K, capacity 23741K, committed 24112K, reserved 1071104K
  class space    used 2407K, capacity 2570K, committed 2688K, reserved 1048576K
}
Event: 8.853 GC heap after
{Heap after GC invocations=7 (full 0):
 garbage-first heap   total 131072K, used 17747K [0x0000000081800000, 0x0000000100000000)
  region size 1024K, 9 young (9216K), 9 survivors (9216K)
 Metaspace       used 23280K, capacity 23741K, committed 24112K, reserved 1071104K
  class space    used 2407K, capacity 2570K, committed 2688K, reserved 1048576K
}
Event: 9.987 GC heap before
{Heap before GC invocations=7 (full 0):
 garbage-first heap   total 131072K, used 81235K [0x0000000081800000, 0x0000000100000000)
  region size 1024K, 71 young (72704K), 9 survivors (9216K)
 Metaspace       used 26685K, capacity 27223K, committed 27568K, reserved 1073152K
  class space    used 2806K, capacity 2970K, committed 3072K, reserved 1048576K
}
Event: 10.001 GC heap after
{Heap after GC invocations=8 (full 0):
 garbage-first heap   total 131072K, used 19670K [0x0000000081800000, 0x0000000100000000)
  region size 1024K, 3 young (3072K), 3 survivors (3072K)
 Metaspace       used 26685K, capacity 27223K, committed 27568K, reserved 1073152K
  class space    used 2806K, capacity 2970K, committed 3072K, reserved 1048576K
}
Event: 11.246 GC heap before
{Heap before GC invocations=8 (full 0):
 garbage-first heap   total 131072K, used 94422K [0x0000000081800000, 0x0000000100000000)
  region size 1024K, 75 young (76800K), 3 survivors (3072K)
 Metaspace       used 31900K, capacity 32518K, committed 32816K, reserved 1079296K
  class space    used 3366K, capacity 3588K, committed 3712K, reserved 1048576K
}
Event: 11.263 GC heap after
{Heap after GC invocations=9 (full 0):
 garbage-first heap   total 157696K, used 34666K [0x0000000081800000, 0x0000000100000000)
  region size 1024K, 10 young (10240K), 10 survivors (10240K)
 Metaspace       used 31900K, capacity 32518K, committed 32816K, reserved 1079296K
  class space    used 3366K, capacity 3588K, committed 3712K, reserved 1048576K
}

