# JRE version: Java(TM) SE Runtime Environment (11.0.5+10) (build 11.0.5+10-LTS)
# Java VM: Java HotSpot(TM) 64-Bit Server VM (11.0.5+10-LTS, mixed mode, tiered, compressed oops, g1 gc, windows-amd64)
Heap:
 garbage-first heap   total 157696K, used 16325K [0x0000000081800000, 0x0000000100000000)
  region size 1024K, 6 young (6144K), 6 survivors (6144K)
 Metaspace       used 34834K, capacity 35811K, committed 35888K, reserved 1081344K
  class space    used 4310K, capacity 4706K, committed 4736K, reserved 1048576K
GC Heap History (10 events):
Event: 1.856 GC heap after
{Heap after GC invocations=2 (full 0):
 garbage-first heap   total 131072K, used 7337K [0x0000000081800000, 0x0000000100000000)
  region size 1024K, 2 young (2048K), 2 survivors (2048K)
 Metaspace       used 13881K, capacity 14168K, committed 14464K, reserved 1062912K
  class space    used 1454K, capacity 1542K, committed 1664K, reserved 1048576K
}
Event: 2.486 GC heap before
{Heap before GC invocations=2 (full 0):
 garbage-first heap   total 131072K, used 36009K [0x0000000081800000, 0x0000000100000000)
  region size 1024K, 30 young (30720K), 2 survivors (2048K)
 Metaspace       used 19057K, capacity 19519K, committed 19712K, reserved 1067008K
  class space    used 2262K, capacity 2458K, committed 2560K, reserved 1048576K
}
Event: 2.490 GC heap after
{Heap after GC invocations=3 (full 0):
 garbage-first heap   total 131072K, used 8598K [0x0000000081800000, 0x0000000100000000)
  region size 1024K, 3 young (3072K), 3 survivors (3072K)
 Metaspace       used 19057K, capacity 19519K, committed 19712K, reserved 1067008K
  class space    used 2262K, capacity 2458K, committed 2560K, reserved 1048576K
}
Event: 2.589 GC heap before
{Heap before GC invocations=3 (full 0):
 garbage-first heap   total 131072K, used 15766K [0x0000000081800000, 0x0000000100000000)
  region size 1024K, 11 young (11264K), 3 survivors (3072K)
 Metaspace       used 20745K, capacity 21180K, committed 21296K, reserved 1069056K
  class space    used 2438K, capacity 2628K, committed 2688K, reserved 1048576K
}
Event: 2.593 GC heap after
{Heap after GC invocations=4 (full 0):
 garbage-first heap   total 131072K, used 8904K [0x0000000081800000, 0x0000000100000000)
  region size 1024K, 3 young (3072K), 3 survivors (3072K)
 Metaspace       used 20745K, capacity 21180K, committed 21296K, reserved 1069056K
  class space    used 2438K, capacity 2628K, committed 2688K, reserved 1048576K
}
Event: 3.318 GC heap before
{Heap before GC invocations=5 (full 0):
 garbage-first heap   total 131072K, used 82632K [0x0000000081800000, 0x0000000100000000)
  region size 1024K, 76 young (77824K), 3 survivors (3072K)
 Metaspace       used 23733K, capacity 24312K, committed 24624K, reserved 1071104K
  class space    used 2875K, capacity 3116K, committed 3200K, reserved 1048576K
}
Event: 3.325 GC heap after
{Heap after GC invocations=6 (full 0):
 garbage-first heap   total 131072K, used 10578K [0x0000000081800000, 0x0000000100000000)
  region size 1024K, 5 young (5120K), 5 survivors (5120K)
 Metaspace       used 23733K, capacity 24312K, committed 24624K, reserved 1071104K
  class space    used 2875K, capacity 3116K, committed 3200K, reserved 1048576K
}
Event: 5.058 GC heap before
{Heap before GC invocations=6 (full 0):
 garbage-first heap   total 131072K, used 82258K [0x0000000081800000, 0x0000000100000000)
  region size 1024K, 76 young (77824K), 5 survivors (5120K)
 Metaspace       used 31533K, capacity 32530K, committed 32688K, reserved 1077248K
  class space    used 3932K, capacity 4314K, committed 4352K, reserved 1048576K
}
Event: 5.070 GC heap after
{Heap after GC invocations=7 (full 0):
 garbage-first heap   total 131072K, used 14363K [0x0000000081800000, 0x0000000100000000)
  region size 1024K, 8 young (8192K), 8 survivors (8192K)
 Metaspace       used 31533K, capacity 32530K, committed 32688K, reserved 1077248K
  class space    used 3932K, capacity 4314K, committed 4352K, reserved 1048576K
}
Event: 5.646 GC heap before
{Heap before GC invocations=7 (full 0):
 garbage-first heap   total 131072K, used 59419K [0x0000000081800000, 0x0000000100000000)
  region size 1024K, 54 young (55296K), 8 survivors (8192K)
 Metaspace       used 34834K, capacity 35811K, committed 35888K, reserved 1081344K
  class space    used 4310K, capacity 4706K, committed 4736K, reserved 1048576K
}

