# JRE version: Java(TM) SE Runtime Environment (11.0.5+10) (build 11.0.5+10-LTS)
# Java VM: Java HotSpot(TM) 64-Bit Server VM (11.0.5+10-LTS, mixed mode, tiered, compressed oops, g1 gc, windows-amd64)
Heap:
 garbage-first heap   total 189440K, used 60853K [0x0000000081800000, 0x0000000100000000)
  region size 1024K, 41 young (41984K), 6 survivors (6144K)
 Metaspace       used 64582K, capacity 66147K, committed 66512K, reserved 1107968K
  class space    used 8315K, capacity 8916K, committed 9036K, reserved 1048576K
GC Heap History (10 events):
Event: 4.282 GC heap before
{Heap before GC invocations=6 (full 0):
 garbage-first heap   total 157696K, used 97919K [0x0000000081800000, 0x0000000100000000)
  region size 1024K, 91 young (93184K), 5 survivors (5120K)
 Metaspace       used 31563K, capacity 32563K, committed 32688K, reserved 1077248K
  class space    used 3938K, capacity 4346K, committed 4352K, reserved 1048576K
}
Event: 4.293 GC heap after
{Heap after GC invocations=7 (full 0):
 garbage-first heap   total 157696K, used 14846K [0x0000000081800000, 0x0000000100000000)
  region size 1024K, 9 young (9216K), 9 survivors (9216K)
 Metaspace       used 31563K, capacity 32563K, committed 32688K, reserved 1077248K
  class space    used 3938K, capacity 4346K, committed 4352K, reserved 1048576K
}
Event: 4.776 GC heap before
{Heap before GC invocations=7 (full 0):
 garbage-first heap   total 157696K, used 44542K [0x0000000081800000, 0x0000000100000000)
  region size 1024K, 40 young (40960K), 9 survivors (9216K)
 Metaspace       used 34850K, capacity 35812K, committed 35888K, reserved 1081344K
  class space    used 4312K, capacity 4706K, committed 4736K, reserved 1048576K
}
Event: 4.792 GC heap after
{Heap after GC invocations=8 (full 0):
 garbage-first heap   total 157696K, used 16414K [0x0000000081800000, 0x0000000100000000)
  region size 1024K, 8 young (8192K), 8 survivors (8192K)
 Metaspace       used 34850K, capacity 35812K, committed 35888K, reserved 1081344K
  class space    used 4312K, capacity 4706K, committed 4736K, reserved 1048576K
}
Event: 6.189 GC heap before
{Heap before GC invocations=9 (full 0):
 garbage-first heap   total 157696K, used 102430K [0x0000000081800000, 0x0000000100000000)
  region size 1024K, 92 young (94208K), 8 survivors (8192K)
 Metaspace       used 48899K, capacity 50071K, committed 50332K, reserved 1093632K
  class space    used 6359K, capacity 6785K, committed 6912K, reserved 1048576K
}
Event: 6.202 GC heap after
{Heap after GC invocations=10 (full 0):
 garbage-first heap   total 157696K, used 21144K [0x0000000081800000, 0x0000000100000000)
  region size 1024K, 11 young (11264K), 11 survivors (11264K)
 Metaspace       used 48899K, capacity 50071K, committed 50332K, reserved 1093632K
  class space    used 6359K, capacity 6785K, committed 6912K, reserved 1048576K
}
Event: 7.439 GC heap before
{Heap before GC invocations=10 (full 0):
 garbage-first heap   total 157696K, used 104088K [0x0000000081800000, 0x0000000100000000)
  region size 1024K, 92 young (94208K), 11 survivors (11264K)
 Metaspace       used 57539K, capacity 59007K, committed 59292K, reserved 1099776K
  class space    used 7545K, capacity 8096K, committed 8192K, reserved 1048576K
}
Event: 7.456 GC heap after
{Heap after GC invocations=11 (full 0):
 garbage-first heap   total 189440K, used 25022K [0x0000000081800000, 0x0000000100000000)
  region size 1024K, 11 young (11264K), 11 survivors (11264K)
 Metaspace       used 57539K, capacity 59007K, committed 59292K, reserved 1099776K
  class space    used 7545K, capacity 8096K, committed 8192K, reserved 1048576K
}
Event: 7.679 GC heap before
{Heap before GC invocations=11 (full 0):
 garbage-first heap   total 189440K, used 37310K [0x0000000081800000, 0x0000000100000000)
  region size 1024K, 24 young (24576K), 11 survivors (11264K)
 Metaspace       used 58903K, capacity 60327K, committed 60420K, reserved 1101824K
  class space    used 7720K, capacity 8280K, committed 8320K, reserved 1048576K
}
Event: 7.695 GC heap after
{Heap after GC invocations=12 (full 0):
 garbage-first heap   total 189440K, used 26037K [0x0000000081800000, 0x0000000100000000)
  region size 1024K, 6 young (6144K), 6 survivors (6144K)
 Metaspace       used 58903K, capacity 60327K, committed 60420K, reserved 1101824K
  class space    used 7720K, capacity 8280K, committed 8320K, reserved 1048576K
}

